<?xml version="1.0" encoding="UTF-8"?>
<!-- Generated by org.testng.reporters.JUnitReportReporter -->
<testsuite skipped="4" hostname="Bharats-MacBook-Pro.local" name="com.mmt.testPages.landingPageTest" tests="5" failures="0" timestamp="24 Apr 2019 18:13:40 GMT" time="123.087" errors="0">
  <testcase name="bookFlightTicket" time="123.087" classname="com.mmt.testPages.landingPageTest"/>
  <testcase name="verify_chkflight" classname="com.mmt.testPages.landingPageTest">
    <skipped/>
  </testcase> <!-- verify_chkflight -->
  <testcase name="verifyMMT_Logo" classname="com.mmt.testPages.landingPageTest">
    <skipped/>
  </testcase> <!-- verifyMMT_Logo -->
  <testcase name="verify_RoundTrip_radioBtn" classname="com.mmt.testPages.landingPageTest">
    <skipped/>
  </testcase> <!-- verify_RoundTrip_radioBtn -->
  <testcase name="dateSelect" classname="com.mmt.testPages.landingPageTest">
    <skipped/>
  </testcase> <!-- dateSelect -->
</testsuite> <!-- com.mmt.testPages.landingPageTest -->
