<?xml version="1.0" encoding="UTF-8"?>
<!-- Generated by org.testng.reporters.JUnitReportReporter -->
<testsuite skipped="0" hostname="Bharats-MacBook-Pro.local" name="com.mmt.testPages.landingPageTest" tests="6" failures="0" timestamp="28 Apr 2019 15:46:10 GMT" time="338.623" errors="0">
  <testcase name="verifyMMT_Logo" time="6.259" classname="com.mmt.testPages.landingPageTest"/>
  <testcase name="verify_chkflight" time="6.785" classname="com.mmt.testPages.landingPageTest"/>
  <testcase name="verify_RoundTrip_radioBtn" time="6.502" classname="com.mmt.testPages.landingPageTest"/>
  <testcase name="Print_FlightRates_For_OneStop_NonStop_And_Total_flights" time="89.982" classname="com.mmt.testPages.landingPageTest"/>
  <testcase name="Validate_Prices_OneStop_flight" time="72.189" classname="com.mmt.testPages.landingPageTest"/>
  <testcase name="Validate_Prices_For_Top10_Flights" time="156.906" classname="com.mmt.testPages.landingPageTest"/>
</testsuite> <!-- com.mmt.testPages.landingPageTest -->
